running egg_info
writing ../../build/my_py_pubsub/my_py_pubsub.egg-info/PKG-INFO
writing dependency_links to ../../build/my_py_pubsub/my_py_pubsub.egg-info/dependency_links.txt
writing entry points to ../../build/my_py_pubsub/my_py_pubsub.egg-info/entry_points.txt
writing requirements to ../../build/my_py_pubsub/my_py_pubsub.egg-info/requires.txt
writing top-level names to ../../build/my_py_pubsub/my_py_pubsub.egg-info/top_level.txt
reading manifest file '../../build/my_py_pubsub/my_py_pubsub.egg-info/SOURCES.txt'
writing manifest file '../../build/my_py_pubsub/my_py_pubsub.egg-info/SOURCES.txt'
running build
running build_py
running install
running install_lib
running install_data
running install_egg_info
removing '/home/sarmad/workspaces/hello_world/install/my_py_pubsub/lib/python3.10/site-packages/my_py_pubsub-0.0.0-py3.10.egg-info' (and everything under it)
Copying ../../build/my_py_pubsub/my_py_pubsub.egg-info to /home/sarmad/workspaces/hello_world/install/my_py_pubsub/lib/python3.10/site-packages/my_py_pubsub-0.0.0-py3.10.egg-info
running install_scripts
Installing listener script to /home/sarmad/workspaces/hello_world/install/my_py_pubsub/lib/my_py_pubsub
Installing talker script to /home/sarmad/workspaces/hello_world/install/my_py_pubsub/lib/my_py_pubsub
writing list of installed files to '/home/sarmad/workspaces/hello_world/build/my_py_pubsub/install.log'
