running egg_info
creating ../../build/my_py_pubsub/my_py_pubsub.egg-info
writing ../../build/my_py_pubsub/my_py_pubsub.egg-info/PKG-INFO
writing dependency_links to ../../build/my_py_pubsub/my_py_pubsub.egg-info/dependency_links.txt
writing entry points to ../../build/my_py_pubsub/my_py_pubsub.egg-info/entry_points.txt
writing requirements to ../../build/my_py_pubsub/my_py_pubsub.egg-info/requires.txt
writing top-level names to ../../build/my_py_pubsub/my_py_pubsub.egg-info/top_level.txt
writing manifest file '../../build/my_py_pubsub/my_py_pubsub.egg-info/SOURCES.txt'
reading manifest file '../../build/my_py_pubsub/my_py_pubsub.egg-info/SOURCES.txt'
writing manifest file '../../build/my_py_pubsub/my_py_pubsub.egg-info/SOURCES.txt'
running build
running build_py
creating /home/sarmad/workspaces/hello_world/build/my_py_pubsub/build
creating /home/sarmad/workspaces/hello_world/build/my_py_pubsub/build/lib
creating /home/sarmad/workspaces/hello_world/build/my_py_pubsub/build/lib/my_py_pubsub
copying my_py_pubsub/__init__.py -> /home/sarmad/workspaces/hello_world/build/my_py_pubsub/build/lib/my_py_pubsub
copying my_py_pubsub/listener.py -> /home/sarmad/workspaces/hello_world/build/my_py_pubsub/build/lib/my_py_pubsub
copying my_py_pubsub/talker.py -> /home/sarmad/workspaces/hello_world/build/my_py_pubsub/build/lib/my_py_pubsub
running install
running install_lib
creating /home/sarmad/workspaces/hello_world/install/my_py_pubsub/lib/python3.10/site-packages/my_py_pubsub
copying /home/sarmad/workspaces/hello_world/build/my_py_pubsub/build/lib/my_py_pubsub/__init__.py -> /home/sarmad/workspaces/hello_world/install/my_py_pubsub/lib/python3.10/site-packages/my_py_pubsub
copying /home/sarmad/workspaces/hello_world/build/my_py_pubsub/build/lib/my_py_pubsub/listener.py -> /home/sarmad/workspaces/hello_world/install/my_py_pubsub/lib/python3.10/site-packages/my_py_pubsub
copying /home/sarmad/workspaces/hello_world/build/my_py_pubsub/build/lib/my_py_pubsub/talker.py -> /home/sarmad/workspaces/hello_world/install/my_py_pubsub/lib/python3.10/site-packages/my_py_pubsub
byte-compiling /home/sarmad/workspaces/hello_world/install/my_py_pubsub/lib/python3.10/site-packages/my_py_pubsub/__init__.py to __init__.cpython-310.pyc
byte-compiling /home/sarmad/workspaces/hello_world/install/my_py_pubsub/lib/python3.10/site-packages/my_py_pubsub/listener.py to listener.cpython-310.pyc
byte-compiling /home/sarmad/workspaces/hello_world/install/my_py_pubsub/lib/python3.10/site-packages/my_py_pubsub/talker.py to talker.cpython-310.pyc
running install_data
creating /home/sarmad/workspaces/hello_world/install/my_py_pubsub/share/ament_index
creating /home/sarmad/workspaces/hello_world/install/my_py_pubsub/share/ament_index/resource_index
creating /home/sarmad/workspaces/hello_world/install/my_py_pubsub/share/ament_index/resource_index/packages
copying resource/my_py_pubsub -> /home/sarmad/workspaces/hello_world/install/my_py_pubsub/share/ament_index/resource_index/packages
copying package.xml -> /home/sarmad/workspaces/hello_world/install/my_py_pubsub/share/my_py_pubsub
running install_egg_info
Copying ../../build/my_py_pubsub/my_py_pubsub.egg-info to /home/sarmad/workspaces/hello_world/install/my_py_pubsub/lib/python3.10/site-packages/my_py_pubsub-0.0.0-py3.10.egg-info
running install_scripts
Installing listener script to /home/sarmad/workspaces/hello_world/install/my_py_pubsub/lib/my_py_pubsub
Installing talker script to /home/sarmad/workspaces/hello_world/install/my_py_pubsub/lib/my_py_pubsub
writing list of installed files to '/home/sarmad/workspaces/hello_world/build/my_py_pubsub/install.log'
