[1.383s] Invoking command in '/home/sarmad/workspaces/hello_world/src/my_py_pubsub': PYTHONPATH=/home/sarmad/workspaces/hello_world/build/my_py_pubsub/prefix_override:/usr/lib/python3/dist-packages/colcon_core/task/python/colcon_distutils_commands:/home/sarmad/workspaces/hello_world/install/my_py_pubsub/lib/python3.10/site-packages:${PYTHONPATH} /usr/bin/python3 -W ignore:setup.py install is deprecated -W ignore:easy_install command is deprecated setup.py egg_info --egg-base ../../build/my_py_pubsub build --build-base /home/sarmad/workspaces/hello_world/build/my_py_pubsub/build install --record /home/sarmad/workspaces/hello_world/build/my_py_pubsub/install.log --single-version-externally-managed install_data
[1.903s] running egg_info
[1.904s] creating ../../build/my_py_pubsub/my_py_pubsub.egg-info
[1.904s] writing ../../build/my_py_pubsub/my_py_pubsub.egg-info/PKG-INFO
[1.905s] writing dependency_links to ../../build/my_py_pubsub/my_py_pubsub.egg-info/dependency_links.txt
[1.905s] writing entry points to ../../build/my_py_pubsub/my_py_pubsub.egg-info/entry_points.txt
[1.905s] writing requirements to ../../build/my_py_pubsub/my_py_pubsub.egg-info/requires.txt
[1.905s] writing top-level names to ../../build/my_py_pubsub/my_py_pubsub.egg-info/top_level.txt
[1.906s] writing manifest file '../../build/my_py_pubsub/my_py_pubsub.egg-info/SOURCES.txt'
[1.909s] reading manifest file '../../build/my_py_pubsub/my_py_pubsub.egg-info/SOURCES.txt'
[1.911s] writing manifest file '../../build/my_py_pubsub/my_py_pubsub.egg-info/SOURCES.txt'
[1.911s] running build
[1.911s] running build_py
[1.911s] creating /home/sarmad/workspaces/hello_world/build/my_py_pubsub/build
[1.912s] creating /home/sarmad/workspaces/hello_world/build/my_py_pubsub/build/lib
[1.912s] creating /home/sarmad/workspaces/hello_world/build/my_py_pubsub/build/lib/my_py_pubsub
[1.912s] copying my_py_pubsub/__init__.py -> /home/sarmad/workspaces/hello_world/build/my_py_pubsub/build/lib/my_py_pubsub
[1.912s] copying my_py_pubsub/listener.py -> /home/sarmad/workspaces/hello_world/build/my_py_pubsub/build/lib/my_py_pubsub
[1.912s] copying my_py_pubsub/talker.py -> /home/sarmad/workspaces/hello_world/build/my_py_pubsub/build/lib/my_py_pubsub
[1.913s] running install
[1.914s] running install_lib
[1.916s] creating /home/sarmad/workspaces/hello_world/install/my_py_pubsub/lib/python3.10/site-packages/my_py_pubsub
[1.916s] copying /home/sarmad/workspaces/hello_world/build/my_py_pubsub/build/lib/my_py_pubsub/__init__.py -> /home/sarmad/workspaces/hello_world/install/my_py_pubsub/lib/python3.10/site-packages/my_py_pubsub
[1.916s] copying /home/sarmad/workspaces/hello_world/build/my_py_pubsub/build/lib/my_py_pubsub/listener.py -> /home/sarmad/workspaces/hello_world/install/my_py_pubsub/lib/python3.10/site-packages/my_py_pubsub
[1.916s] copying /home/sarmad/workspaces/hello_world/build/my_py_pubsub/build/lib/my_py_pubsub/talker.py -> /home/sarmad/workspaces/hello_world/install/my_py_pubsub/lib/python3.10/site-packages/my_py_pubsub
[1.918s] byte-compiling /home/sarmad/workspaces/hello_world/install/my_py_pubsub/lib/python3.10/site-packages/my_py_pubsub/__init__.py to __init__.cpython-310.pyc
[1.918s] byte-compiling /home/sarmad/workspaces/hello_world/install/my_py_pubsub/lib/python3.10/site-packages/my_py_pubsub/listener.py to listener.cpython-310.pyc
[1.919s]   File "/home/sarmad/workspaces/hello_world/install/my_py_pubsub/lib/python3.10/site-packages/my_py_pubsub/listener.py", line 3
[1.919s]     stom std_msgs.msg import String
[1.919s]          ^^^^^^^^
[1.919s] SyntaxError: invalid syntax
[1.919s] 
[1.920s] byte-compiling /home/sarmad/workspaces/hello_world/install/my_py_pubsub/lib/python3.10/site-packages/my_py_pubsub/talker.py to talker.cpython-310.pyc
[1.920s]   File "/home/sarmad/workspaces/hello_world/install/my_py_pubsub/lib/python3.10/site-packages/my_py_pubsub/talker.py", line 3
[1.920s]     stom std_msgs.msg import String
[1.920s]          ^^^^^^^^
[1.920s] SyntaxError: invalid syntax
[1.920s] 
[1.920s] running install_data
[1.920s] creating /home/sarmad/workspaces/hello_world/install/my_py_pubsub/share/ament_index
[1.921s] creating /home/sarmad/workspaces/hello_world/install/my_py_pubsub/share/ament_index/resource_index
[1.921s] creating /home/sarmad/workspaces/hello_world/install/my_py_pubsub/share/ament_index/resource_index/packages
[1.921s] copying resource/my_py_pubsub -> /home/sarmad/workspaces/hello_world/install/my_py_pubsub/share/ament_index/resource_index/packages
[1.921s] copying package.xml -> /home/sarmad/workspaces/hello_world/install/my_py_pubsub/share/my_py_pubsub
[1.921s] running install_egg_info
[1.924s] Copying ../../build/my_py_pubsub/my_py_pubsub.egg-info to /home/sarmad/workspaces/hello_world/install/my_py_pubsub/lib/python3.10/site-packages/my_py_pubsub-0.0.0-py3.10.egg-info
[1.926s] running install_scripts
[1.970s] Installing listener script to /home/sarmad/workspaces/hello_world/install/my_py_pubsub/lib/my_py_pubsub
[1.971s] Installing talker script to /home/sarmad/workspaces/hello_world/install/my_py_pubsub/lib/my_py_pubsub
[1.971s] writing list of installed files to '/home/sarmad/workspaces/hello_world/build/my_py_pubsub/install.log'
[2.040s] Invoked command in '/home/sarmad/workspaces/hello_world/src/my_py_pubsub' returned '0': PYTHONPATH=/home/sarmad/workspaces/hello_world/build/my_py_pubsub/prefix_override:/usr/lib/python3/dist-packages/colcon_core/task/python/colcon_distutils_commands:/home/sarmad/workspaces/hello_world/install/my_py_pubsub/lib/python3.10/site-packages:${PYTHONPATH} /usr/bin/python3 -W ignore:setup.py install is deprecated -W ignore:easy_install command is deprecated setup.py egg_info --egg-base ../../build/my_py_pubsub build --build-base /home/sarmad/workspaces/hello_world/build/my_py_pubsub/build install --record /home/sarmad/workspaces/hello_world/build/my_py_pubsub/install.log --single-version-externally-managed install_data
